2019-12-11 08:00:39<xml><ToUserName><![CDATA[gh_70ac0054afe0]]></ToUserName>
<FromUserName><![CDATA[ooRh-0TTkeDhaECXVI9w2Jrk7vTE]]></FromUserName>
<CreateTime>1576051212</CreateTime>
<MsgType><![CDATA[event]]></MsgType>
<Event><![CDATA[subscribe]]></Event>
<EventKey><![CDATA[]]></EventKey>
</xml>2019-12-11 08:01:24<xml><ToUserName><![CDATA[gh_70ac0054afe0]]></ToUserName>
<FromUserName><![CDATA[ooRh-0TTkeDhaECXVI9w2Jrk7vTE]]></FromUserName>
<CreateTime>1576051212</CreateTime>
<MsgType><![CDATA[event]]></MsgType>
<Event><![CDATA[subscribe]]></Event>
<EventKey><![CDATA[]]></EventKey>
</xml>2019-12-11 08:04:19<xml><ToUserName><![CDATA[gh_70ac0054afe0]]></ToUserName>
<FromUserName><![CDATA[ooRh-0TTkeDhaECXVI9w2Jrk7vTE]]></FromUserName>
<CreateTime>1576051212</CreateTime>
<MsgType><![CDATA[event]]></MsgType>
<Event><![CDATA[subscribe]]></Event>
<EventKey><![CDATA[]]></EventKey>
</xml>2019-12-11 08:04:41<xml><ToUserName><![CDATA[gh_70ac0054afe0]]></ToUserName>
<FromUserName><![CDATA[ooRh-0TTkeDhaECXVI9w2Jrk7vTE]]></FromUserName>
<CreateTime>1576051212</CreateTime>
<MsgType><![CDATA[event]]></MsgType>
<Event><![CDATA[subscribe]]></Event>
<EventKey><![CDATA[]]></EventKey>
</xml>2019-12-11 08:05:32<xml><ToUserName><![CDATA[gh_70ac0054afe0]]></ToUserName>
<FromUserName><![CDATA[ooRh-0TTkeDhaECXVI9w2Jrk7vTE]]></FromUserName>
<CreateTime>1576051212</CreateTime>
<MsgType><![CDATA[event]]></MsgType>
<Event><![CDATA[subscribe]]></Event>
<EventKey><![CDATA[]]></EventKey>
</xml>2019-12-11 08:06:03<xml><ToUserName><![CDATA[gh_70ac0054afe0]]></ToUserName>
<FromUserName><![CDATA[ooRh-0TTkeDhaECXVI9w2Jrk7vTE]]></FromUserName>
<CreateTime>1576051212</CreateTime>
<MsgType><![CDATA[event]]></MsgType>
<Event><![CDATA[subscribe]]></Event>
<EventKey><![CDATA[]]></EventKey>
</xml>